<?xml version="1.0" encoding="UTF-8" ?>
<!-- This is a WordPress eXtended RSS file generated by WordPress as an export of your site. -->
<!-- It contains information about your site's posts, pages, comments, categories, and other content. -->
<!-- You may use this file to transfer that content from one site to another. -->
<!-- This file is not intended to serve as a complete backup of your site. -->

<!-- To import this information into a WordPress site follow these steps: -->
<!-- 1. Log in to that site as an administrator. -->
<!-- 2. Go to Tools: Import in the WordPress admin panel. -->
<!-- 3. Install the "WordPress" importer from the list. -->
<!-- 4. Activate & Run Importer. -->
<!-- 5. Upload this file using the form provided on that page. -->
<!-- 6. You will first be asked to map the authors in this export file to users -->
<!--    on the site. For each author, you may choose to map to an -->
<!--    existing user on the site or to create a new user. -->
<!-- 7. WordPress will then import each of the posts, pages, comments, categories, etc. -->
<!--    contained in this file into your site. -->

<!-- generator="WordPress/4.4.1" created="2016-01-30 17:23" -->
<rss version="2.0"
	xmlns:excerpt="http://wordpress.org/export/1.2/excerpt/"
	xmlns:content="http://purl.org/rss/1.0/modules/content/"
	xmlns:wfw="http://wellformedweb.org/CommentAPI/"
	xmlns:dc="http://purl.org/dc/elements/1.1/"
	xmlns:wp="http://wordpress.org/export/1.2/"
>

<channel>
	<title>Test Import</title>
	<link>http://localhost/wordpress/test-import</link>
	<description>Just another WordPress site</description>
	<pubDate>Sat, 30 Jan 2016 17:23:50 +0000</pubDate>
	<language>en-US</language>
	<wp:wxr_version>1.2</wp:wxr_version>
	<wp:base_site_url>http://localhost/wordpress/</wp:base_site_url>
	<wp:base_blog_url>http://localhost/wordpress/test-import</wp:base_blog_url>

	<wp:author><wp:author_id>1</wp:author_id><wp:author_login><![CDATA[admin]]></wp:author_login><wp:author_email><![CDATA[frederic.demarle@sfr.fr]]></wp:author_email><wp:author_display_name><![CDATA[admin]]></wp:author_display_name><wp:author_first_name><![CDATA[]]></wp:author_first_name><wp:author_last_name><![CDATA[]]></wp:author_last_name></wp:author>

	<wp:category><wp:term_id>186</wp:term_id><wp:category_nicename><![CDATA[essai]]></wp:category_nicename><wp:category_parent><![CDATA[]]></wp:category_parent><wp:cat_name><![CDATA[Essai]]></wp:cat_name></wp:category>
	<wp:category><wp:term_id>130</wp:term_id><wp:category_nicename><![CDATA[non-classe]]></wp:category_nicename><wp:category_parent><![CDATA[]]></wp:category_parent><wp:cat_name><![CDATA[Non classé]]></wp:cat_name></wp:category>
	<wp:category><wp:term_id>184</wp:term_id><wp:category_nicename><![CDATA[test]]></wp:category_nicename><wp:category_parent><![CDATA[]]></wp:category_parent><wp:cat_name><![CDATA[Test]]></wp:cat_name></wp:category>
	<wp:category><wp:term_id>145</wp:term_id><wp:category_nicename><![CDATA[uncategorized]]></wp:category_nicename><wp:category_parent><![CDATA[]]></wp:category_parent><wp:cat_name><![CDATA[Uncategorized]]></wp:cat_name></wp:category>
	<wp:term><wp:term_id><![CDATA[{lang_id_1}]]></wp:term_id><wp:term_taxonomy><![CDATA[language]]></wp:term_taxonomy><wp:term_slug><![CDATA[en]]></wp:term_slug><wp:term_parent><![CDATA[]]></wp:term_parent><wp:term_name><![CDATA[English]]></wp:term_name><wp:term_description><![CDATA[a:3:{s:6:"locale";s:5:"en_GB";s:3:"rtl";i:0;s:9:"flag_code";s:2:"gb";}]]></wp:term_description><wp:termmeta><wp:meta_key><![CDATA[_pll_strings_translations]]></wp:meta_key><wp:meta_value><![CDATA[a:5:{i:0;a:2:{i:0;s:9:"WordPress";i:1;s:12:"WordPress EN";}i:1;a:2:{i:0;s:5:"j F Y";i:1;s:0:"";}i:2;a:2:{i:0;s:4:"G\hi";i:1;s:0:"";}i:3;a:2:{i:0;s:162:"<!-- wp:woocommerce/products-by-attribute {"attributes":[{"id":22,"attr_slug":"pa_color"},{"id":23,"attr_slug":"pa_color"},{"id":24,"attr_slug":"pa_color"}]} /-->";i:1;s:0:"";}i:4;a:2:{i:0;s:19:"<!-- wp:search /-->";i:1;s:0:"";}}]]></wp:meta_value></wp:termmeta></wp:term>
	<wp:term><wp:term_id><![CDATA[173]]></wp:term_id><wp:term_taxonomy><![CDATA[term_language]]></wp:term_taxonomy><wp:term_slug><![CDATA[pll_en]]></wp:term_slug><wp:term_parent><![CDATA[]]></wp:term_parent><wp:term_name><![CDATA[English]]></wp:term_name></wp:term>
	<wp:term><wp:term_id><![CDATA[{lang_id_2}]]></wp:term_id><wp:term_taxonomy><![CDATA[language]]></wp:term_taxonomy><wp:term_slug><![CDATA[fr]]></wp:term_slug><wp:term_parent><![CDATA[]]></wp:term_parent><wp:term_name><![CDATA[Français]]></wp:term_name><wp:term_description><![CDATA[a:3:{s:6:"locale";s:5:"fr_FR";s:3:"rtl";i:0;s:9:"flag_code";s:2:"fr";}]]></wp:term_description><wp:termmeta><wp:meta_key><![CDATA[_pll_strings_translations]]></wp:meta_key><wp:meta_value><![CDATA[a:5:{i:0;a:2:{i:0;s:9:"WordPress";i:1;s:12:"WordPress FR";}i:1;a:2:{i:0;s:5:"j F Y";i:1;s:0:"";}i:2;a:2:{i:0;s:4:"G\hi";i:1;s:0:"";}i:3;a:2:{i:0;s:162:"<!-- wp:woocommerce/products-by-attribute {"attributes":[{"id":22,"attr_slug":"pa_color"},{"id":23,"attr_slug":"pa_color"},{"id":24,"attr_slug":"pa_color"}]} /-->";i:1;s:0:"";}i:4;a:2:{i:0;s:19:"<!-- wp:search /-->";i:1;s:0:"";}}]]></wp:meta_value></wp:termmeta></wp:term>
	<wp:term><wp:term_id><![CDATA[175]]></wp:term_id><wp:term_taxonomy><![CDATA[term_language]]></wp:term_taxonomy><wp:term_slug><![CDATA[pll_fr]]></wp:term_slug><wp:term_parent><![CDATA[]]></wp:term_parent><wp:term_name><![CDATA[Français]]></wp:term_name></wp:term>
	<wp:term><wp:term_id><![CDATA[72]]></wp:term_id><wp:term_taxonomy><![CDATA[term_translations]]></wp:term_taxonomy><wp:term_slug><![CDATA[pll_556f4259cb4bc]]></wp:term_slug><wp:term_parent><![CDATA[]]></wp:term_parent><wp:term_name><![CDATA[pll_556f4259cb4bc]]></wp:term_name><wp:term_description><![CDATA[a:2:{s:2:"en";i:145;s:2:"fr";i:130;}]]></wp:term_description></wp:term>
	<wp:term><wp:term_id><![CDATA[185]]></wp:term_id><wp:term_taxonomy><![CDATA[term_translations]]></wp:term_taxonomy><wp:term_slug><![CDATA[pll_56aceccce73e1]]></wp:term_slug><wp:term_parent><![CDATA[]]></wp:term_parent><wp:term_name><![CDATA[pll_56aceccce73e1]]></wp:term_name><wp:term_description><![CDATA[a:2:{s:2:"en";i:184;s:2:"fr";i:186;}]]></wp:term_description></wp:term>
	<wp:term><wp:term_id><![CDATA[188]]></wp:term_id><wp:term_taxonomy><![CDATA[post_translations]]></wp:term_taxonomy><wp:term_slug><![CDATA[pll_56acecea35bef]]></wp:term_slug><wp:term_parent><![CDATA[]]></wp:term_parent><wp:term_name><![CDATA[pll_56acecea35bef]]></wp:term_name><wp:term_description><![CDATA[a:2:{s:2:"fr";i:400;s:2:"en";i:398;}]]></wp:term_description></wp:term>
	<wp:term><wp:term_id><![CDATA[189]]></wp:term_id><wp:term_taxonomy><![CDATA[post_translations]]></wp:term_taxonomy><wp:term_slug><![CDATA[pll_56aced161652a]]></wp:term_slug><wp:term_parent><![CDATA[]]></wp:term_parent><wp:term_name><![CDATA[pll_56aced161652a]]></wp:term_name><wp:term_description><![CDATA[a:2:{s:2:"fr";i:404;s:2:"en";i:402;}]]></wp:term_description></wp:term>
	<wp:term><wp:term_id>190</wp:term_id><wp:term_taxonomy>nav_menu</wp:term_taxonomy><wp:term_slug><![CDATA[menu_en]]></wp:term_slug><wp:term_name><![CDATA[menu_en]]></wp:term_name></wp:term>
	<wp:term><wp:term_id>191</wp:term_id><wp:term_taxonomy>nav_menu</wp:term_taxonomy><wp:term_slug><![CDATA[menu_fr]]></wp:term_slug><wp:term_name><![CDATA[menu_fr]]></wp:term_name></wp:term>

	<generator>https://wordpress.org/?v=4.4.1</generator>

	<item>
		<title>Test</title>
		<link>http://localhost/wordpress/test-import/en/2016/01/30/test/</link>
		<pubDate>Sat, 30 Jan 2016 17:03:16 +0000</pubDate>
		<dc:creator><![CDATA[admin]]></dc:creator>
		<guid isPermaLink="false">http://localhost/wordpress/test-import/?p=398</guid>
		<description></description>
		<content:encoded><![CDATA[]]></content:encoded>
		<excerpt:encoded><![CDATA[]]></excerpt:encoded>
		<wp:post_id>398</wp:post_id>
		<wp:post_date><![CDATA[2016-01-30 17:03:16]]></wp:post_date>
		<wp:post_date_gmt><![CDATA[2016-01-30 17:03:16]]></wp:post_date_gmt>
		<wp:comment_status><![CDATA[open]]></wp:comment_status>
		<wp:ping_status><![CDATA[open]]></wp:ping_status>
		<wp:post_name><![CDATA[test]]></wp:post_name>
		<wp:status><![CDATA[publish]]></wp:status>
		<wp:post_parent>0</wp:post_parent>
		<wp:menu_order>0</wp:menu_order>
		<wp:post_type><![CDATA[post]]></wp:post_type>
		<wp:post_password><![CDATA[]]></wp:post_password>
		<wp:is_sticky>0</wp:is_sticky>
		<category domain="language" nicename="en"><![CDATA[English]]></category>
		<category domain="post_translations" nicename="pll_56acecea35bef"><![CDATA[pll_56acecea35bef]]></category>
		<category domain="category" nicename="test"><![CDATA[Test]]></category>
		<wp:postmeta>
			<wp:meta_key><![CDATA[_edit_last]]></wp:meta_key>
			<wp:meta_value><![CDATA[1]]></wp:meta_value>
		</wp:postmeta>
	</item>
	<item>
		<title>Essai</title>
		<link>http://localhost/wordpress/test-import/fr/2016/01/30/essai/</link>
		<pubDate>Sat, 30 Jan 2016 17:03:37 +0000</pubDate>
		<dc:creator><![CDATA[admin]]></dc:creator>
		<guid isPermaLink="false">http://localhost/wordpress/test-import/?p=400</guid>
		<description></description>
		<content:encoded><![CDATA[]]></content:encoded>
		<excerpt:encoded><![CDATA[]]></excerpt:encoded>
		<wp:post_id>400</wp:post_id>
		<wp:post_date><![CDATA[2016-01-30 17:03:37]]></wp:post_date>
		<wp:post_date_gmt><![CDATA[2016-01-30 17:03:37]]></wp:post_date_gmt>
		<wp:comment_status><![CDATA[open]]></wp:comment_status>
		<wp:ping_status><![CDATA[open]]></wp:ping_status>
		<wp:post_name><![CDATA[essai]]></wp:post_name>
		<wp:status><![CDATA[publish]]></wp:status>
		<wp:post_parent>0</wp:post_parent>
		<wp:menu_order>0</wp:menu_order>
		<wp:post_type><![CDATA[post]]></wp:post_type>
		<wp:post_password><![CDATA[]]></wp:post_password>
		<wp:is_sticky>0</wp:is_sticky>
		<category domain="category" nicename="essai"><![CDATA[Essai]]></category>
		<category domain="language" nicename="fr"><![CDATA[Français]]></category>
		<category domain="post_translations" nicename="pll_56acecea35bef"><![CDATA[pll_56acecea35bef]]></category>
		<wp:postmeta>
			<wp:meta_key><![CDATA[_edit_last]]></wp:meta_key>
			<wp:meta_value><![CDATA[1]]></wp:meta_value>
		</wp:postmeta>
	</item>
	<item>
		<title>Home</title>
		<link>http://localhost/wordpress/test-import/en/home/</link>
		<pubDate>Sat, 30 Jan 2016 17:04:11 +0000</pubDate>
		<dc:creator><![CDATA[admin]]></dc:creator>
		<guid isPermaLink="false">http://localhost/wordpress/test-import/?page_id=402</guid>
		<description></description>
		<content:encoded><![CDATA[]]></content:encoded>
		<excerpt:encoded><![CDATA[]]></excerpt:encoded>
		<wp:post_id>402</wp:post_id>
		<wp:post_date><![CDATA[2016-01-30 17:04:11]]></wp:post_date>
		<wp:post_date_gmt><![CDATA[2016-01-30 17:04:11]]></wp:post_date_gmt>
		<wp:comment_status><![CDATA[closed]]></wp:comment_status>
		<wp:ping_status><![CDATA[closed]]></wp:ping_status>
		<wp:post_name><![CDATA[home]]></wp:post_name>
		<wp:status><![CDATA[publish]]></wp:status>
		<wp:post_parent>0</wp:post_parent>
		<wp:menu_order>0</wp:menu_order>
		<wp:post_type><![CDATA[page]]></wp:post_type>
		<wp:post_password><![CDATA[]]></wp:post_password>
		<wp:is_sticky>0</wp:is_sticky>
		<category domain="language" nicename="en"><![CDATA[English]]></category>
		<category domain="post_translations" nicename="pll_56aced161652a"><![CDATA[pll_56aced161652a]]></category>
		<wp:postmeta>
			<wp:meta_key><![CDATA[_edit_last]]></wp:meta_key>
			<wp:meta_value><![CDATA[1]]></wp:meta_value>
		</wp:postmeta>
	</item>
	<item>
		<title>Accueil</title>
		<link>http://localhost/wordpress/test-import/fr/accueil/</link>
		<pubDate>Sat, 30 Jan 2016 17:04:21 +0000</pubDate>
		<dc:creator><![CDATA[admin]]></dc:creator>
		<guid isPermaLink="false">http://localhost/wordpress/test-import/?page_id=404</guid>
		<description></description>
		<content:encoded><![CDATA[]]></content:encoded>
		<excerpt:encoded><![CDATA[]]></excerpt:encoded>
		<wp:post_id>404</wp:post_id>
		<wp:post_date><![CDATA[2016-01-30 17:04:21]]></wp:post_date>
		<wp:post_date_gmt><![CDATA[2016-01-30 17:04:21]]></wp:post_date_gmt>
		<wp:comment_status><![CDATA[closed]]></wp:comment_status>
		<wp:ping_status><![CDATA[closed]]></wp:ping_status>
		<wp:post_name><![CDATA[accueil]]></wp:post_name>
		<wp:status><![CDATA[publish]]></wp:status>
		<wp:post_parent>0</wp:post_parent>
		<wp:menu_order>0</wp:menu_order>
		<wp:post_type><![CDATA[page]]></wp:post_type>
		<wp:post_password><![CDATA[]]></wp:post_password>
		<wp:is_sticky>0</wp:is_sticky>
		<category domain="language" nicename="fr"><![CDATA[Français]]></category>
		<category domain="post_translations" nicename="pll_56aced161652a"><![CDATA[pll_56aced161652a]]></category>
		<wp:postmeta>
			<wp:meta_key><![CDATA[_edit_last]]></wp:meta_key>
			<wp:meta_value><![CDATA[1]]></wp:meta_value>
		</wp:postmeta>
	</item>
	<item>
		<title></title>
		<link>http://localhost/wordpress/test-import/2016/01/30/406/</link>
		<pubDate>Sat, 30 Jan 2016 17:05:00 +0000</pubDate>
		<dc:creator><![CDATA[admin]]></dc:creator>
		<guid isPermaLink="false">http://localhost/wordpress/test-import/?p=406</guid>
		<description></description>
		<content:encoded><![CDATA[ ]]></content:encoded>
		<excerpt:encoded><![CDATA[]]></excerpt:encoded>
		<wp:post_id>406</wp:post_id>
		<wp:post_date><![CDATA[2016-01-30 17:05:00]]></wp:post_date>
		<wp:post_date_gmt><![CDATA[2016-01-30 17:05:00]]></wp:post_date_gmt>
		<wp:comment_status><![CDATA[closed]]></wp:comment_status>
		<wp:ping_status><![CDATA[closed]]></wp:ping_status>
		<wp:post_name><![CDATA[406]]></wp:post_name>
		<wp:status><![CDATA[publish]]></wp:status>
		<wp:post_parent>0</wp:post_parent>
		<wp:menu_order>1</wp:menu_order>
		<wp:post_type><![CDATA[nav_menu_item]]></wp:post_type>
		<wp:post_password><![CDATA[]]></wp:post_password>
		<wp:is_sticky>0</wp:is_sticky>
		<category domain="nav_menu" nicename="menu_en"><![CDATA[menu_en]]></category>
		<wp:postmeta>
			<wp:meta_key><![CDATA[_menu_item_type]]></wp:meta_key>
			<wp:meta_value><![CDATA[post_type]]></wp:meta_value>
		</wp:postmeta>
		<wp:postmeta>
			<wp:meta_key><![CDATA[_menu_item_menu_item_parent]]></wp:meta_key>
			<wp:meta_value><![CDATA[0]]></wp:meta_value>
		</wp:postmeta>
		<wp:postmeta>
			<wp:meta_key><![CDATA[_menu_item_object_id]]></wp:meta_key>
			<wp:meta_value><![CDATA[402]]></wp:meta_value>
		</wp:postmeta>
		<wp:postmeta>
			<wp:meta_key><![CDATA[_menu_item_object]]></wp:meta_key>
			<wp:meta_value><![CDATA[page]]></wp:meta_value>
		</wp:postmeta>
		<wp:postmeta>
			<wp:meta_key><![CDATA[_menu_item_target]]></wp:meta_key>
			<wp:meta_value><![CDATA[]]></wp:meta_value>
		</wp:postmeta>
		<wp:postmeta>
			<wp:meta_key><![CDATA[_menu_item_classes]]></wp:meta_key>
			<wp:meta_value><![CDATA[a:1:{i:0;s:0:"";}]]></wp:meta_value>
		</wp:postmeta>
		<wp:postmeta>
			<wp:meta_key><![CDATA[_menu_item_xfn]]></wp:meta_key>
			<wp:meta_value><![CDATA[]]></wp:meta_value>
		</wp:postmeta>
		<wp:postmeta>
			<wp:meta_key><![CDATA[_menu_item_url]]></wp:meta_key>
			<wp:meta_value><![CDATA[]]></wp:meta_value>
		</wp:postmeta>
	</item>
	<item>
		<title>Language switcher</title>
		<link>http://localhost/wordpress/test-import/2016/01/30/language-switcher/</link>
		<pubDate>Sat, 30 Jan 2016 17:05:00 +0000</pubDate>
		<dc:creator><![CDATA[admin]]></dc:creator>
		<guid isPermaLink="false">http://localhost/wordpress/test-import/?p=407</guid>
		<description></description>
		<content:encoded><![CDATA[]]></content:encoded>
		<excerpt:encoded><![CDATA[]]></excerpt:encoded>
		<wp:post_id>407</wp:post_id>
		<wp:post_date><![CDATA[2016-01-30 17:05:00]]></wp:post_date>
		<wp:post_date_gmt><![CDATA[2016-01-30 17:05:00]]></wp:post_date_gmt>
		<wp:comment_status><![CDATA[closed]]></wp:comment_status>
		<wp:ping_status><![CDATA[closed]]></wp:ping_status>
		<wp:post_name><![CDATA[language-switcher]]></wp:post_name>
		<wp:status><![CDATA[publish]]></wp:status>
		<wp:post_parent>0</wp:post_parent>
		<wp:menu_order>2</wp:menu_order>
		<wp:post_type><![CDATA[nav_menu_item]]></wp:post_type>
		<wp:post_password><![CDATA[]]></wp:post_password>
		<wp:is_sticky>0</wp:is_sticky>
		<category domain="nav_menu" nicename="menu_en"><![CDATA[menu_en]]></category>
		<wp:postmeta>
			<wp:meta_key><![CDATA[_menu_item_type]]></wp:meta_key>
			<wp:meta_value><![CDATA[custom]]></wp:meta_value>
		</wp:postmeta>
		<wp:postmeta>
			<wp:meta_key><![CDATA[_menu_item_menu_item_parent]]></wp:meta_key>
			<wp:meta_value><![CDATA[0]]></wp:meta_value>
		</wp:postmeta>
		<wp:postmeta>
			<wp:meta_key><![CDATA[_menu_item_object_id]]></wp:meta_key>
			<wp:meta_value><![CDATA[407]]></wp:meta_value>
		</wp:postmeta>
		<wp:postmeta>
			<wp:meta_key><![CDATA[_menu_item_object]]></wp:meta_key>
			<wp:meta_value><![CDATA[custom]]></wp:meta_value>
		</wp:postmeta>
		<wp:postmeta>
			<wp:meta_key><![CDATA[_menu_item_target]]></wp:meta_key>
			<wp:meta_value><![CDATA[]]></wp:meta_value>
		</wp:postmeta>
		<wp:postmeta>
			<wp:meta_key><![CDATA[_menu_item_classes]]></wp:meta_key>
			<wp:meta_value><![CDATA[a:1:{i:0;s:0:"";}]]></wp:meta_value>
		</wp:postmeta>
		<wp:postmeta>
			<wp:meta_key><![CDATA[_menu_item_xfn]]></wp:meta_key>
			<wp:meta_value><![CDATA[]]></wp:meta_value>
		</wp:postmeta>
		<wp:postmeta>
			<wp:meta_key><![CDATA[_menu_item_url]]></wp:meta_key>
			<wp:meta_value><![CDATA[#pll_switcher]]></wp:meta_value>
		</wp:postmeta>
		<wp:postmeta>
			<wp:meta_key><![CDATA[_pll_menu_item]]></wp:meta_key>
			<wp:meta_value><![CDATA[a:5:{s:22:"hide_if_no_translation";i:0;s:12:"hide_current";i:1;s:10:"force_home";i:0;s:10:"show_flags";i:1;s:10:"show_names";i:0;}]]></wp:meta_value>
		</wp:postmeta>
	</item>
	<item>
		<title>Language switcher</title>
		<link>http://localhost/wordpress/test-import/2016/01/30/language-switcher-2/</link>
		<pubDate>Sat, 30 Jan 2016 17:05:30 +0000</pubDate>
		<dc:creator><![CDATA[admin]]></dc:creator>
		<guid isPermaLink="false">http://localhost/wordpress/test-import/?p=408</guid>
		<description></description>
		<content:encoded><![CDATA[]]></content:encoded>
		<excerpt:encoded><![CDATA[]]></excerpt:encoded>
		<wp:post_id>408</wp:post_id>
		<wp:post_date><![CDATA[2016-01-30 17:05:30]]></wp:post_date>
		<wp:post_date_gmt><![CDATA[2016-01-30 17:05:30]]></wp:post_date_gmt>
		<wp:comment_status><![CDATA[closed]]></wp:comment_status>
		<wp:ping_status><![CDATA[closed]]></wp:ping_status>
		<wp:post_name><![CDATA[language-switcher-2]]></wp:post_name>
		<wp:status><![CDATA[publish]]></wp:status>
		<wp:post_parent>0</wp:post_parent>
		<wp:menu_order>2</wp:menu_order>
		<wp:post_type><![CDATA[nav_menu_item]]></wp:post_type>
		<wp:post_password><![CDATA[]]></wp:post_password>
		<wp:is_sticky>0</wp:is_sticky>
		<category domain="nav_menu" nicename="menu_fr"><![CDATA[menu_fr]]></category>
		<wp:postmeta>
			<wp:meta_key><![CDATA[_menu_item_type]]></wp:meta_key>
			<wp:meta_value><![CDATA[custom]]></wp:meta_value>
		</wp:postmeta>
		<wp:postmeta>
			<wp:meta_key><![CDATA[_menu_item_menu_item_parent]]></wp:meta_key>
			<wp:meta_value><![CDATA[0]]></wp:meta_value>
		</wp:postmeta>
		<wp:postmeta>
			<wp:meta_key><![CDATA[_menu_item_object_id]]></wp:meta_key>
			<wp:meta_value><![CDATA[408]]></wp:meta_value>
		</wp:postmeta>
		<wp:postmeta>
			<wp:meta_key><![CDATA[_menu_item_object]]></wp:meta_key>
			<wp:meta_value><![CDATA[custom]]></wp:meta_value>
		</wp:postmeta>
		<wp:postmeta>
			<wp:meta_key><![CDATA[_menu_item_target]]></wp:meta_key>
			<wp:meta_value><![CDATA[]]></wp:meta_value>
		</wp:postmeta>
		<wp:postmeta>
			<wp:meta_key><![CDATA[_menu_item_classes]]></wp:meta_key>
			<wp:meta_value><![CDATA[a:1:{i:0;s:0:"";}]]></wp:meta_value>
		</wp:postmeta>
		<wp:postmeta>
			<wp:meta_key><![CDATA[_menu_item_xfn]]></wp:meta_key>
			<wp:meta_value><![CDATA[]]></wp:meta_value>
		</wp:postmeta>
		<wp:postmeta>
			<wp:meta_key><![CDATA[_menu_item_url]]></wp:meta_key>
			<wp:meta_value><![CDATA[#pll_switcher]]></wp:meta_value>
		</wp:postmeta>
		<wp:postmeta>
			<wp:meta_key><![CDATA[_pll_menu_item]]></wp:meta_key>
			<wp:meta_value><![CDATA[a:5:{s:22:"hide_if_no_translation";i:0;s:12:"hide_current";i:1;s:10:"force_home";i:0;s:10:"show_flags";i:1;s:10:"show_names";i:0;}]]></wp:meta_value>
		</wp:postmeta>
	</item>
	<item>
		<title></title>
		<link>http://localhost/wordpress/test-import/2016/01/30/409/</link>
		<pubDate>Sat, 30 Jan 2016 17:05:30 +0000</pubDate>
		<dc:creator><![CDATA[admin]]></dc:creator>
		<guid isPermaLink="false">http://localhost/wordpress/test-import/?p=409</guid>
		<description></description>
		<content:encoded><![CDATA[ ]]></content:encoded>
		<excerpt:encoded><![CDATA[]]></excerpt:encoded>
		<wp:post_id>409</wp:post_id>
		<wp:post_date><![CDATA[2016-01-30 17:05:30]]></wp:post_date>
		<wp:post_date_gmt><![CDATA[2016-01-30 17:05:30]]></wp:post_date_gmt>
		<wp:comment_status><![CDATA[closed]]></wp:comment_status>
		<wp:ping_status><![CDATA[closed]]></wp:ping_status>
		<wp:post_name><![CDATA[409]]></wp:post_name>
		<wp:status><![CDATA[publish]]></wp:status>
		<wp:post_parent>0</wp:post_parent>
		<wp:menu_order>1</wp:menu_order>
		<wp:post_type><![CDATA[nav_menu_item]]></wp:post_type>
		<wp:post_password><![CDATA[]]></wp:post_password>
		<wp:is_sticky>0</wp:is_sticky>
		<category domain="nav_menu" nicename="menu_fr"><![CDATA[menu_fr]]></category>
		<wp:postmeta>
			<wp:meta_key><![CDATA[_menu_item_type]]></wp:meta_key>
			<wp:meta_value><![CDATA[post_type]]></wp:meta_value>
		</wp:postmeta>
		<wp:postmeta>
			<wp:meta_key><![CDATA[_menu_item_menu_item_parent]]></wp:meta_key>
			<wp:meta_value><![CDATA[0]]></wp:meta_value>
		</wp:postmeta>
		<wp:postmeta>
			<wp:meta_key><![CDATA[_menu_item_object_id]]></wp:meta_key>
			<wp:meta_value><![CDATA[404]]></wp:meta_value>
		</wp:postmeta>
		<wp:postmeta>
			<wp:meta_key><![CDATA[_menu_item_object]]></wp:meta_key>
			<wp:meta_value><![CDATA[page]]></wp:meta_value>
		</wp:postmeta>
		<wp:postmeta>
			<wp:meta_key><![CDATA[_menu_item_target]]></wp:meta_key>
			<wp:meta_value><![CDATA[]]></wp:meta_value>
		</wp:postmeta>
		<wp:postmeta>
			<wp:meta_key><![CDATA[_menu_item_classes]]></wp:meta_key>
			<wp:meta_value><![CDATA[a:1:{i:0;s:0:"";}]]></wp:meta_value>
		</wp:postmeta>
		<wp:postmeta>
			<wp:meta_key><![CDATA[_menu_item_xfn]]></wp:meta_key>
			<wp:meta_value><![CDATA[]]></wp:meta_value>
		</wp:postmeta>
		<wp:postmeta>
			<wp:meta_key><![CDATA[_menu_item_url]]></wp:meta_key>
			<wp:meta_value><![CDATA[]]></wp:meta_value>
		</wp:postmeta>
	</item>
</channel>
</rss>
